{"D:\\GitHub\\LIM014-mdlinks\\backend\\index.js": {"path":"D:\\GitHub\\LIM014-mdlinks\\backend\\index.js","statementMap":{"0":{"start":{"line":1,"column":14},"end":{"line":1,"column":29}},"1":{"start":{"line":2,"column":11},"end":{"line":2,"column":24}},"2":{"start":{"line":3,"column":15},"end":{"line":3,"column":32}},"3":{"start":{"line":4,"column":14},"end":{"line":4,"column":30}},"4":{"start":{"line":5,"column":14},"end":{"line":5,"column":25}},"5":{"start":{"line":6,"column":14},"end":{"line":6,"column":35}},"6":{"start":{"line":7,"column":19},"end":{"line":7,"column":41}},"7":{"start":{"line":10,"column":19},"end":{"line":11,"column":87}},"8":{"start":{"line":11,"column":2},"end":{"line":11,"column":87}},"9":{"start":{"line":14,"column":16},"end":{"line":14,"column":55}},"10":{"start":{"line":14,"column":26},"end":{"line":14,"column":55}},"11":{"start":{"line":17,"column":20},"end":{"line":17,"column":62}},"12":{"start":{"line":17,"column":30},"end":{"line":17,"column":62}},"13":{"start":{"line":20,"column":17},"end":{"line":37,"column":1}},"14":{"start":{"line":21,"column":14},"end":{"line":21,"column":16}},"15":{"start":{"line":22,"column":2},"end":{"line":35,"column":3}},"16":{"start":{"line":23,"column":4},"end":{"line":30,"column":7}},"17":{"start":{"line":24,"column":20},"end":{"line":24,"column":37}},"18":{"start":{"line":25,"column":6},"end":{"line":29,"column":7}},"19":{"start":{"line":26,"column":8},"end":{"line":26,"column":57}},"20":{"start":{"line":27,"column":13},"end":{"line":29,"column":7}},"21":{"start":{"line":28,"column":8},"end":{"line":28,"column":47}},"22":{"start":{"line":32,"column":4},"end":{"line":34,"column":5}},"23":{"start":{"line":33,"column":6},"end":{"line":33,"column":35}},"24":{"start":{"line":36,"column":2},"end":{"line":36,"column":22}},"25":{"start":{"line":40,"column":21},"end":{"line":61,"column":1}},"26":{"start":{"line":41,"column":17},"end":{"line":41,"column":46}},"27":{"start":{"line":42,"column":17},"end":{"line":42,"column":37}},"28":{"start":{"line":43,"column":15},"end":{"line":43,"column":36}},"29":{"start":{"line":44,"column":14},"end":{"line":44,"column":29}},"30":{"start":{"line":45,"column":12},"end":{"line":45,"column":53}},"31":{"start":{"line":46,"column":17},"end":{"line":46,"column":27}},"32":{"start":{"line":47,"column":19},"end":{"line":47,"column":21}},"33":{"start":{"line":48,"column":2},"end":{"line":59,"column":3}},"34":{"start":{"line":49,"column":23},"end":{"line":49,"column":103}},"35":{"start":{"line":50,"column":4},"end":{"line":58,"column":6}},"36":{"start":{"line":51,"column":6},"end":{"line":57,"column":7}},"37":{"start":{"line":52,"column":8},"end":{"line":56,"column":11}},"38":{"start":{"line":60,"column":2},"end":{"line":60,"column":19}},"39":{"start":{"line":64,"column":17},"end":{"line":69,"column":1}},"40":{"start":{"line":65,"column":19},"end":{"line":67,"column":4}},"41":{"start":{"line":66,"column":4},"end":{"line":66,"column":33}},"42":{"start":{"line":68,"column":2},"end":{"line":68,"column":27}},"43":{"start":{"line":72,"column":22},"end":{"line":92,"column":2}},"44":{"start":{"line":72,"column":32},"end":{"line":92,"column":2}},"45":{"start":{"line":73,"column":2},"end":{"line":91,"column":7}},"46":{"start":{"line":75,"column":6},"end":{"line":81,"column":7}},"47":{"start":{"line":84,"column":6},"end":{"line":90,"column":7}},"48":{"start":{"line":96,"column":2},"end":{"line":125,"column":5}},"49":{"start":{"line":97,"column":4},"end":{"line":124,"column":5}},"50":{"start":{"line":98,"column":6},"end":{"line":121,"column":7}},"51":{"start":{"line":99,"column":20},"end":{"line":99,"column":34}},"52":{"start":{"line":100,"column":25},"end":{"line":100,"column":40}},"53":{"start":{"line":101,"column":8},"end":{"line":109,"column":9}},"54":{"start":{"line":102,"column":10},"end":{"line":105,"column":14}},"55":{"start":{"line":104,"column":14},"end":{"line":104,"column":26}},"56":{"start":{"line":108,"column":10},"end":{"line":108,"column":29}},"57":{"start":{"line":111,"column":20},"end":{"line":111,"column":34}},"58":{"start":{"line":112,"column":25},"end":{"line":112,"column":40}},"59":{"start":{"line":113,"column":8},"end":{"line":120,"column":9}},"60":{"start":{"line":114,"column":10},"end":{"line":117,"column":12}},"61":{"start":{"line":116,"column":12},"end":{"line":116,"column":24}},"62":{"start":{"line":119,"column":10},"end":{"line":119,"column":29}},"63":{"start":{"line":123,"column":6},"end":{"line":123,"column":134}},"64":{"start":{"line":128,"column":0},"end":{"line":137,"column":2}}},"fnMap":{"0":{"name":"(anonymous_0)","decl":{"start":{"line":10,"column":19},"end":{"line":10,"column":20}},"loc":{"start":{"line":11,"column":2},"end":{"line":11,"column":87}},"line":11},"1":{"name":"(anonymous_1)","decl":{"start":{"line":14,"column":16},"end":{"line":14,"column":17}},"loc":{"start":{"line":14,"column":26},"end":{"line":14,"column":55}},"line":14},"2":{"name":"(anonymous_2)","decl":{"start":{"line":17,"column":20},"end":{"line":17,"column":21}},"loc":{"start":{"line":17,"column":30},"end":{"line":17,"column":62}},"line":17},"3":{"name":"(anonymous_3)","decl":{"start":{"line":20,"column":17},"end":{"line":20,"column":18}},"loc":{"start":{"line":20,"column":27},"end":{"line":37,"column":1}},"line":20},"4":{"name":"(anonymous_4)","decl":{"start":{"line":23,"column":33},"end":{"line":23,"column":34}},"loc":{"start":{"line":23,"column":49},"end":{"line":30,"column":5}},"line":23},"5":{"name":"(anonymous_5)","decl":{"start":{"line":40,"column":21},"end":{"line":40,"column":22}},"loc":{"start":{"line":40,"column":31},"end":{"line":61,"column":1}},"line":40},"6":{"name":"(anonymous_6)","decl":{"start":{"line":50,"column":16},"end":{"line":50,"column":17}},"loc":{"start":{"line":50,"column":25},"end":{"line":58,"column":5}},"line":50},"7":{"name":"(anonymous_7)","decl":{"start":{"line":64,"column":17},"end":{"line":64,"column":18}},"loc":{"start":{"line":64,"column":27},"end":{"line":69,"column":1}},"line":64},"8":{"name":"(anonymous_8)","decl":{"start":{"line":65,"column":28},"end":{"line":65,"column":29}},"loc":{"start":{"line":65,"column":42},"end":{"line":67,"column":3}},"line":65},"9":{"name":"(anonymous_9)","decl":{"start":{"line":72,"column":22},"end":{"line":72,"column":23}},"loc":{"start":{"line":72,"column":32},"end":{"line":92,"column":2}},"line":72},"10":{"name":"(anonymous_10)","decl":{"start":{"line":72,"column":41},"end":{"line":72,"column":42}},"loc":{"start":{"line":72,"column":50},"end":{"line":92,"column":1}},"line":72},"11":{"name":"(anonymous_11)","decl":{"start":{"line":74,"column":10},"end":{"line":74,"column":11}},"loc":{"start":{"line":74,"column":19},"end":{"line":82,"column":5}},"line":74},"12":{"name":"(anonymous_12)","decl":{"start":{"line":83,"column":11},"end":{"line":83,"column":12}},"loc":{"start":{"line":83,"column":22},"end":{"line":91,"column":5}},"line":83},"13":{"name":"mdLinks","decl":{"start":{"line":95,"column":9},"end":{"line":95,"column":16}},"loc":{"start":{"line":95,"column":31},"end":{"line":126,"column":1}},"line":95},"14":{"name":"(anonymous_14)","decl":{"start":{"line":96,"column":21},"end":{"line":96,"column":22}},"loc":{"start":{"line":96,"column":42},"end":{"line":125,"column":3}},"line":96},"15":{"name":"(anonymous_15)","decl":{"start":{"line":103,"column":18},"end":{"line":103,"column":19}},"loc":{"start":{"line":103,"column":27},"end":{"line":105,"column":13}},"line":103},"16":{"name":"(anonymous_16)","decl":{"start":{"line":115,"column":16},"end":{"line":115,"column":17}},"loc":{"start":{"line":115,"column":25},"end":{"line":117,"column":11}},"line":115}},"branchMap":{"0":{"loc":{"start":{"line":11,"column":2},"end":{"line":11,"column":87}},"type":"cond-expr","locations":[{"start":{"line":11,"column":24},"end":{"line":11,"column":60}},{"start":{"line":11,"column":63},"end":{"line":11,"column":87}}],"line":11},"1":{"loc":{"start":{"line":22,"column":2},"end":{"line":35,"column":3}},"type":"if","locations":[{"start":{"line":22,"column":2},"end":{"line":35,"column":3}},{"start":{"line":22,"column":2},"end":{"line":35,"column":3}}],"line":22},"2":{"loc":{"start":{"line":25,"column":6},"end":{"line":29,"column":7}},"type":"if","locations":[{"start":{"line":25,"column":6},"end":{"line":29,"column":7}},{"start":{"line":25,"column":6},"end":{"line":29,"column":7}}],"line":25},"3":{"loc":{"start":{"line":27,"column":13},"end":{"line":29,"column":7}},"type":"if","locations":[{"start":{"line":27,"column":13},"end":{"line":29,"column":7}},{"start":{"line":27,"column":13},"end":{"line":29,"column":7}}],"line":27},"4":{"loc":{"start":{"line":32,"column":4},"end":{"line":34,"column":5}},"type":"if","locations":[{"start":{"line":32,"column":4},"end":{"line":34,"column":5}},{"start":{"line":32,"column":4},"end":{"line":34,"column":5}}],"line":32},"5":{"loc":{"start":{"line":48,"column":2},"end":{"line":59,"column":3}},"type":"if","locations":[{"start":{"line":48,"column":2},"end":{"line":59,"column":3}},{"start":{"line":48,"column":2},"end":{"line":59,"column":3}}],"line":48},"6":{"loc":{"start":{"line":51,"column":6},"end":{"line":57,"column":7}},"type":"if","locations":[{"start":{"line":51,"column":6},"end":{"line":57,"column":7}},{"start":{"line":51,"column":6},"end":{"line":57,"column":7}}],"line":51},"7":{"loc":{"start":{"line":80,"column":17},"end":{"line":80,"column":51}},"type":"cond-expr","locations":[{"start":{"line":80,"column":38},"end":{"line":80,"column":42}},{"start":{"line":80,"column":45},"end":{"line":80,"column":51}}],"line":80},"8":{"loc":{"start":{"line":97,"column":4},"end":{"line":124,"column":5}},"type":"if","locations":[{"start":{"line":97,"column":4},"end":{"line":124,"column":5}},{"start":{"line":97,"column":4},"end":{"line":124,"column":5}}],"line":97},"9":{"loc":{"start":{"line":98,"column":6},"end":{"line":121,"column":7}},"type":"if","locations":[{"start":{"line":98,"column":6},"end":{"line":121,"column":7}},{"start":{"line":98,"column":6},"end":{"line":121,"column":7}}],"line":98},"10":{"loc":{"start":{"line":101,"column":8},"end":{"line":109,"column":9}},"type":"if","locations":[{"start":{"line":101,"column":8},"end":{"line":109,"column":9}},{"start":{"line":101,"column":8},"end":{"line":109,"column":9}}],"line":101},"11":{"loc":{"start":{"line":113,"column":8},"end":{"line":120,"column":9}},"type":"if","locations":[{"start":{"line":113,"column":8},"end":{"line":120,"column":9}},{"start":{"line":113,"column":8},"end":{"line":120,"column":9}}],"line":113}},"s":{"0":1,"1":1,"2":1,"3":1,"4":1,"5":1,"6":1,"7":1,"8":9,"9":1,"10":9,"11":1,"12":14,"13":1,"14":4,"15":4,"16":3,"17":8,"18":8,"19":2,"20":6,"21":4,"22":1,"23":1,"24":4,"25":1,"26":3,"27":3,"28":3,"29":3,"30":3,"31":3,"32":3,"33":3,"34":2,"35":2,"36":7,"37":5,"38":3,"39":1,"40":1,"41":2,"42":1,"43":1,"44":6,"45":3,"46":2,"47":1,"48":0,"49":0,"50":0,"51":0,"52":0,"53":0,"54":0,"55":0,"56":0,"57":0,"58":0,"59":0,"60":0,"61":0,"62":0,"63":0,"64":1},"f":{"0":9,"1":9,"2":14,"3":4,"4":8,"5":3,"6":7,"7":1,"8":2,"9":6,"10":3,"11":2,"12":1,"13":0,"14":0,"15":0,"16":0},"b":{"0":[8,1],"1":[3,1],"2":[2,6],"3":[4,2],"4":[1,0],"5":[2,1],"6":[5,2],"7":[1,1],"8":[0,0],"9":[0,0],"10":[0,0],"11":[0,0]},"_coverageSchema":"1a1c01bbd47fc00a2c39e90264f33305004495a9","hash":"289dcf967fd8f162b364d83820b166b6b3bea967"}
}
