{"D:\\GitHub\\LIM014-mdlinks\\backend\\index.js": {"path":"D:\\GitHub\\LIM014-mdlinks\\backend\\index.js","statementMap":{"0":{"start":{"line":1,"column":14},"end":{"line":1,"column":29}},"1":{"start":{"line":2,"column":11},"end":{"line":2,"column":24}},"2":{"start":{"line":3,"column":15},"end":{"line":3,"column":32}},"3":{"start":{"line":4,"column":14},"end":{"line":4,"column":30}},"4":{"start":{"line":5,"column":14},"end":{"line":5,"column":25}},"5":{"start":{"line":6,"column":14},"end":{"line":6,"column":35}},"6":{"start":{"line":7,"column":19},"end":{"line":7,"column":41}},"7":{"start":{"line":10,"column":19},"end":{"line":11,"column":87}},"8":{"start":{"line":11,"column":2},"end":{"line":11,"column":87}},"9":{"start":{"line":14,"column":16},"end":{"line":14,"column":55}},"10":{"start":{"line":14,"column":26},"end":{"line":14,"column":55}},"11":{"start":{"line":17,"column":20},"end":{"line":17,"column":62}},"12":{"start":{"line":17,"column":30},"end":{"line":17,"column":62}},"13":{"start":{"line":20,"column":17},"end":{"line":37,"column":1}},"14":{"start":{"line":21,"column":14},"end":{"line":21,"column":16}},"15":{"start":{"line":22,"column":2},"end":{"line":35,"column":3}},"16":{"start":{"line":23,"column":4},"end":{"line":30,"column":7}},"17":{"start":{"line":24,"column":20},"end":{"line":24,"column":37}},"18":{"start":{"line":25,"column":6},"end":{"line":29,"column":7}},"19":{"start":{"line":26,"column":8},"end":{"line":26,"column":57}},"20":{"start":{"line":27,"column":13},"end":{"line":29,"column":7}},"21":{"start":{"line":28,"column":8},"end":{"line":28,"column":47}},"22":{"start":{"line":32,"column":4},"end":{"line":34,"column":5}},"23":{"start":{"line":33,"column":6},"end":{"line":33,"column":35}},"24":{"start":{"line":36,"column":2},"end":{"line":36,"column":22}},"25":{"start":{"line":39,"column":21},"end":{"line":60,"column":1}},"26":{"start":{"line":40,"column":17},"end":{"line":40,"column":46}},"27":{"start":{"line":41,"column":17},"end":{"line":41,"column":37}},"28":{"start":{"line":42,"column":15},"end":{"line":42,"column":36}},"29":{"start":{"line":43,"column":14},"end":{"line":43,"column":29}},"30":{"start":{"line":44,"column":12},"end":{"line":44,"column":53}},"31":{"start":{"line":45,"column":17},"end":{"line":45,"column":27}},"32":{"start":{"line":46,"column":19},"end":{"line":46,"column":21}},"33":{"start":{"line":47,"column":2},"end":{"line":58,"column":3}},"34":{"start":{"line":48,"column":23},"end":{"line":48,"column":103}},"35":{"start":{"line":49,"column":4},"end":{"line":57,"column":6}},"36":{"start":{"line":50,"column":6},"end":{"line":56,"column":7}},"37":{"start":{"line":51,"column":8},"end":{"line":55,"column":11}},"38":{"start":{"line":59,"column":2},"end":{"line":59,"column":19}},"39":{"start":{"line":63,"column":17},"end":{"line":68,"column":1}},"40":{"start":{"line":64,"column":19},"end":{"line":66,"column":4}},"41":{"start":{"line":65,"column":4},"end":{"line":65,"column":33}},"42":{"start":{"line":67,"column":2},"end":{"line":67,"column":27}},"43":{"start":{"line":71,"column":22},"end":{"line":91,"column":2}},"44":{"start":{"line":71,"column":32},"end":{"line":91,"column":2}},"45":{"start":{"line":72,"column":2},"end":{"line":90,"column":7}},"46":{"start":{"line":74,"column":6},"end":{"line":80,"column":7}},"47":{"start":{"line":83,"column":6},"end":{"line":89,"column":7}},"48":{"start":{"line":95,"column":2},"end":{"line":124,"column":5}},"49":{"start":{"line":96,"column":4},"end":{"line":123,"column":5}},"50":{"start":{"line":97,"column":6},"end":{"line":120,"column":7}},"51":{"start":{"line":98,"column":20},"end":{"line":98,"column":34}},"52":{"start":{"line":99,"column":25},"end":{"line":99,"column":40}},"53":{"start":{"line":100,"column":8},"end":{"line":108,"column":9}},"54":{"start":{"line":101,"column":10},"end":{"line":104,"column":14}},"55":{"start":{"line":103,"column":14},"end":{"line":103,"column":26}},"56":{"start":{"line":107,"column":10},"end":{"line":107,"column":29}},"57":{"start":{"line":110,"column":20},"end":{"line":110,"column":34}},"58":{"start":{"line":111,"column":25},"end":{"line":111,"column":40}},"59":{"start":{"line":112,"column":8},"end":{"line":119,"column":9}},"60":{"start":{"line":113,"column":10},"end":{"line":116,"column":12}},"61":{"start":{"line":115,"column":12},"end":{"line":115,"column":24}},"62":{"start":{"line":118,"column":10},"end":{"line":118,"column":29}},"63":{"start":{"line":122,"column":6},"end":{"line":122,"column":134}},"64":{"start":{"line":127,"column":0},"end":{"line":136,"column":2}}},"fnMap":{"0":{"name":"(anonymous_0)","decl":{"start":{"line":10,"column":19},"end":{"line":10,"column":20}},"loc":{"start":{"line":11,"column":2},"end":{"line":11,"column":87}},"line":11},"1":{"name":"(anonymous_1)","decl":{"start":{"line":14,"column":16},"end":{"line":14,"column":17}},"loc":{"start":{"line":14,"column":26},"end":{"line":14,"column":55}},"line":14},"2":{"name":"(anonymous_2)","decl":{"start":{"line":17,"column":20},"end":{"line":17,"column":21}},"loc":{"start":{"line":17,"column":30},"end":{"line":17,"column":62}},"line":17},"3":{"name":"(anonymous_3)","decl":{"start":{"line":20,"column":17},"end":{"line":20,"column":18}},"loc":{"start":{"line":20,"column":27},"end":{"line":37,"column":1}},"line":20},"4":{"name":"(anonymous_4)","decl":{"start":{"line":23,"column":33},"end":{"line":23,"column":34}},"loc":{"start":{"line":23,"column":49},"end":{"line":30,"column":5}},"line":23},"5":{"name":"(anonymous_5)","decl":{"start":{"line":39,"column":21},"end":{"line":39,"column":22}},"loc":{"start":{"line":39,"column":31},"end":{"line":60,"column":1}},"line":39},"6":{"name":"(anonymous_6)","decl":{"start":{"line":49,"column":16},"end":{"line":49,"column":17}},"loc":{"start":{"line":49,"column":25},"end":{"line":57,"column":5}},"line":49},"7":{"name":"(anonymous_7)","decl":{"start":{"line":63,"column":17},"end":{"line":63,"column":18}},"loc":{"start":{"line":63,"column":27},"end":{"line":68,"column":1}},"line":63},"8":{"name":"(anonymous_8)","decl":{"start":{"line":64,"column":28},"end":{"line":64,"column":29}},"loc":{"start":{"line":64,"column":42},"end":{"line":66,"column":3}},"line":64},"9":{"name":"(anonymous_9)","decl":{"start":{"line":71,"column":22},"end":{"line":71,"column":23}},"loc":{"start":{"line":71,"column":32},"end":{"line":91,"column":2}},"line":71},"10":{"name":"(anonymous_10)","decl":{"start":{"line":71,"column":41},"end":{"line":71,"column":42}},"loc":{"start":{"line":71,"column":50},"end":{"line":91,"column":1}},"line":71},"11":{"name":"(anonymous_11)","decl":{"start":{"line":73,"column":10},"end":{"line":73,"column":11}},"loc":{"start":{"line":73,"column":19},"end":{"line":81,"column":5}},"line":73},"12":{"name":"(anonymous_12)","decl":{"start":{"line":82,"column":11},"end":{"line":82,"column":12}},"loc":{"start":{"line":82,"column":22},"end":{"line":90,"column":5}},"line":82},"13":{"name":"mdLinks","decl":{"start":{"line":94,"column":9},"end":{"line":94,"column":16}},"loc":{"start":{"line":94,"column":31},"end":{"line":125,"column":1}},"line":94},"14":{"name":"(anonymous_14)","decl":{"start":{"line":95,"column":21},"end":{"line":95,"column":22}},"loc":{"start":{"line":95,"column":42},"end":{"line":124,"column":3}},"line":95},"15":{"name":"(anonymous_15)","decl":{"start":{"line":102,"column":18},"end":{"line":102,"column":19}},"loc":{"start":{"line":102,"column":27},"end":{"line":104,"column":13}},"line":102},"16":{"name":"(anonymous_16)","decl":{"start":{"line":114,"column":16},"end":{"line":114,"column":17}},"loc":{"start":{"line":114,"column":25},"end":{"line":116,"column":11}},"line":114}},"branchMap":{"0":{"loc":{"start":{"line":11,"column":2},"end":{"line":11,"column":87}},"type":"cond-expr","locations":[{"start":{"line":11,"column":24},"end":{"line":11,"column":60}},{"start":{"line":11,"column":63},"end":{"line":11,"column":87}}],"line":11},"1":{"loc":{"start":{"line":22,"column":2},"end":{"line":35,"column":3}},"type":"if","locations":[{"start":{"line":22,"column":2},"end":{"line":35,"column":3}},{"start":{"line":22,"column":2},"end":{"line":35,"column":3}}],"line":22},"2":{"loc":{"start":{"line":25,"column":6},"end":{"line":29,"column":7}},"type":"if","locations":[{"start":{"line":25,"column":6},"end":{"line":29,"column":7}},{"start":{"line":25,"column":6},"end":{"line":29,"column":7}}],"line":25},"3":{"loc":{"start":{"line":27,"column":13},"end":{"line":29,"column":7}},"type":"if","locations":[{"start":{"line":27,"column":13},"end":{"line":29,"column":7}},{"start":{"line":27,"column":13},"end":{"line":29,"column":7}}],"line":27},"4":{"loc":{"start":{"line":32,"column":4},"end":{"line":34,"column":5}},"type":"if","locations":[{"start":{"line":32,"column":4},"end":{"line":34,"column":5}},{"start":{"line":32,"column":4},"end":{"line":34,"column":5}}],"line":32},"5":{"loc":{"start":{"line":47,"column":2},"end":{"line":58,"column":3}},"type":"if","locations":[{"start":{"line":47,"column":2},"end":{"line":58,"column":3}},{"start":{"line":47,"column":2},"end":{"line":58,"column":3}}],"line":47},"6":{"loc":{"start":{"line":50,"column":6},"end":{"line":56,"column":7}},"type":"if","locations":[{"start":{"line":50,"column":6},"end":{"line":56,"column":7}},{"start":{"line":50,"column":6},"end":{"line":56,"column":7}}],"line":50},"7":{"loc":{"start":{"line":79,"column":17},"end":{"line":79,"column":51}},"type":"cond-expr","locations":[{"start":{"line":79,"column":38},"end":{"line":79,"column":42}},{"start":{"line":79,"column":45},"end":{"line":79,"column":51}}],"line":79},"8":{"loc":{"start":{"line":96,"column":4},"end":{"line":123,"column":5}},"type":"if","locations":[{"start":{"line":96,"column":4},"end":{"line":123,"column":5}},{"start":{"line":96,"column":4},"end":{"line":123,"column":5}}],"line":96},"9":{"loc":{"start":{"line":97,"column":6},"end":{"line":120,"column":7}},"type":"if","locations":[{"start":{"line":97,"column":6},"end":{"line":120,"column":7}},{"start":{"line":97,"column":6},"end":{"line":120,"column":7}}],"line":97},"10":{"loc":{"start":{"line":100,"column":8},"end":{"line":108,"column":9}},"type":"if","locations":[{"start":{"line":100,"column":8},"end":{"line":108,"column":9}},{"start":{"line":100,"column":8},"end":{"line":108,"column":9}}],"line":100},"11":{"loc":{"start":{"line":112,"column":8},"end":{"line":119,"column":9}},"type":"if","locations":[{"start":{"line":112,"column":8},"end":{"line":119,"column":9}},{"start":{"line":112,"column":8},"end":{"line":119,"column":9}}],"line":112}},"s":{"0":1,"1":1,"2":1,"3":1,"4":1,"5":1,"6":1,"7":1,"8":8,"9":1,"10":8,"11":1,"12":13,"13":1,"14":3,"15":3,"16":3,"17":8,"18":8,"19":2,"20":6,"21":4,"22":0,"23":0,"24":3,"25":1,"26":0,"27":0,"28":0,"29":0,"30":0,"31":0,"32":0,"33":0,"34":0,"35":0,"36":0,"37":0,"38":0,"39":1,"40":0,"41":0,"42":0,"43":1,"44":0,"45":0,"46":0,"47":0,"48":0,"49":0,"50":0,"51":0,"52":0,"53":0,"54":0,"55":0,"56":0,"57":0,"58":0,"59":0,"60":0,"61":0,"62":0,"63":0,"64":1},"f":{"0":8,"1":8,"2":13,"3":3,"4":8,"5":0,"6":0,"7":0,"8":0,"9":0,"10":0,"11":0,"12":0,"13":0,"14":0,"15":0,"16":0},"b":{"0":[7,1],"1":[3,0],"2":[2,6],"3":[4,2],"4":[0,0],"5":[0,0],"6":[0,0],"7":[0,0],"8":[0,0],"9":[0,0],"10":[0,0],"11":[0,0]},"_coverageSchema":"1a1c01bbd47fc00a2c39e90264f33305004495a9","hash":"4a85ba321f22873894b9a4ad8dbcf17d1d2cae09"}
}
