TN:
SF:backend\index.js
FN:10,(anonymous_0)
FN:14,(anonymous_1)
FN:17,(anonymous_2)
FN:20,(anonymous_3)
FN:23,(anonymous_4)
FN:40,(anonymous_5)
FN:50,(anonymous_6)
FN:64,(anonymous_7)
FN:65,(anonymous_8)
FN:72,(anonymous_9)
FN:72,(anonymous_10)
FN:74,(anonymous_11)
FN:83,(anonymous_12)
FN:95,mdLinks
FN:96,(anonymous_14)
FN:103,(anonymous_15)
FN:115,(anonymous_16)
FNF:17
FNH:13
FNDA:9,(anonymous_0)
FNDA:9,(anonymous_1)
FNDA:14,(anonymous_2)
FNDA:4,(anonymous_3)
FNDA:8,(anonymous_4)
FNDA:3,(anonymous_5)
FNDA:7,(anonymous_6)
FNDA:1,(anonymous_7)
FNDA:2,(anonymous_8)
FNDA:6,(anonymous_9)
FNDA:3,(anonymous_10)
FNDA:2,(anonymous_11)
FNDA:1,(anonymous_12)
FNDA:0,mdLinks
FNDA:0,(anonymous_14)
FNDA:0,(anonymous_15)
FNDA:0,(anonymous_16)
DA:1,1
DA:2,1
DA:3,1
DA:4,1
DA:5,1
DA:6,1
DA:7,1
DA:10,1
DA:11,9
DA:14,9
DA:17,14
DA:20,1
DA:21,4
DA:22,4
DA:23,3
DA:24,8
DA:25,8
DA:26,2
DA:27,6
DA:28,4
DA:32,1
DA:33,1
DA:36,4
DA:40,1
DA:41,3
DA:42,3
DA:43,3
DA:44,3
DA:45,3
DA:46,3
DA:47,3
DA:48,3
DA:49,2
DA:50,2
DA:51,7
DA:52,5
DA:60,3
DA:64,1
DA:65,1
DA:66,2
DA:68,1
DA:72,6
DA:73,3
DA:75,2
DA:84,1
DA:96,0
DA:97,0
DA:98,0
DA:99,0
DA:100,0
DA:101,0
DA:102,0
DA:104,0
DA:108,0
DA:111,0
DA:112,0
DA:113,0
DA:114,0
DA:116,0
DA:119,0
DA:123,0
DA:128,1
LF:62
LH:46
BRDA:11,0,0,8
BRDA:11,0,1,1
BRDA:22,1,0,3
BRDA:22,1,1,1
BRDA:25,2,0,2
BRDA:25,2,1,6
BRDA:27,3,0,4
BRDA:27,3,1,2
BRDA:32,4,0,1
BRDA:32,4,1,0
BRDA:48,5,0,2
BRDA:48,5,1,1
BRDA:51,6,0,5
BRDA:51,6,1,2
BRDA:80,7,0,1
BRDA:80,7,1,1
BRDA:97,8,0,0
BRDA:97,8,1,0
BRDA:98,9,0,0
BRDA:98,9,1,0
BRDA:101,10,0,0
BRDA:101,10,1,0
BRDA:113,11,0,0
BRDA:113,11,1,0
BRF:24
BRH:15
end_of_record
